
Tue Apr 10 18:58:03 EDT 2018
Doing...
Updating bcf0c03..7be655c
Fast-forward
 minibook/amazon.2/_01_train.ipynb | 4 ++--
 1 file changed, 2 insertions(+), 2 deletions(-)
sending incremental file list
deleting output.ipynb
deleting job.log
deleting Amazon.csv
./
_01_train.ipynb

sent 39,182 bytes  received 79 bytes  78,522.00 bytes/sec
total size is 103,656  speedup is 2.64
Amazon.csv

bzip2: (stdin): trailing garbage after EOF ignored
cat: write error: Broken pipe
  0%|          | 0/34 [00:00<?, ?it/s]  6%|▌         | 2/34 [00:00<00:04,  6.63it/s]wolfm2    5513  0.0  0.0   4504   752 ?        Ss   18:58   0:00 /bin/sh -c /home/wolfm2/job.sh
wolfm2    5515  0.0  0.0  12544  3100 ?        S    18:58   0:00 /bin/bash /home/wolfm2/job.sh
wolfm2    5556  7.5  0.3 715096 107060 ?       Sl   18:58   0:00 /home/wolfm2/anaconda3/bin/python /home/wolfm2/jobin/main.py
wolfm2    5582 77.0  0.3 980960 115912 ?       Ssl  18:58   0:00 /home/wolfm2/anaconda3/bin/python -m ipykernel_launcher -f /tmp/tmproqxqcrg.json
wolfm2    5609  0.0  0.0   4504   792 ?        S    18:58   0:00 sh -c ps aux | grep wolfm2
wolfm2    5610  0.0  0.0  37364  3276 ?        R    18:58   0:00 ps aux
wolfm2    5611  0.0  0.0  14224   976 ?        S    18:58   0:00 grep wolfm2
 15%|█▍        | 5/34 [00:01<00:09,  2.91it/s] 26%|██▋       | 9/34 [00:01<00:05,  4.60it/s] 29%|██▉       | 10/34 [04:57<11:54, 29.76s/it] 38%|███▊      | 13/34 [05:16<08:31, 24.36s/it] 47%|████▋     | 16/34 [05:28<06:09, 20.55s/it] 53%|█████▎    | 18/34 [05:49<05:10, 19.40s/it] 59%|█████▉    | 20/34 [05:51<04:06, 17.58s/it] 82%|████████▏ | 28/34 [05:51<01:15, 12.56s/it] 82%|████████▏ | 28/34 [06:10<01:19, 13.23s/it] 88%|████████▊ | 30/34 [4:33:39<36:29, 547.32s/it] 97%|█████████▋| 33/34 [4:33:39<08:17, 497.57s/it]100%|██████████| 34/34 [4:33:39<00:00, 482.93s/it]
Input Notebook:  _01_train.ipynb
Output Notebook: output.ipynb
.:
total 4
drwxrwxr-x 9 wolfm2 wolfm2 4096 Apr 10 18:58 minibook

./minibook:
total 28
drwxrwxr-x 3 wolfm2 wolfm2 4096 Mar 19 22:07 amazon
drwxrwxr-x 3 wolfm2 wolfm2 4096 Apr  1 03:18 amazon.0
drwxrwxr-x 3 wolfm2 wolfm2 4096 Apr  3 06:03 amazon.1
drwxrwxr-x 3 wolfm2 wolfm2 4096 Apr 10 23:31 amazon.2
drwxrwxr-x 2 wolfm2 wolfm2 4096 Mar  7 11:47 amazonFirstIter
drwxrwxr-x 3 wolfm2 wolfm2 4096 Mar 14 22:15 amazonIter
drwxrwxr-x 2 wolfm2 wolfm2 4096 Apr 10 18:37 system

./minibook/amazon:
total 273496
-rw-rw-r-- 1 wolfm2 wolfm2      2978 Mar  9 13:31 _00_split.ipynb
-rw-rw-r-- 1 wolfm2 wolfm2     31638 Mar  9 16:12 _01_train.0.ipynb
-rw-rw-r-- 1 wolfm2 wolfm2     61559 Mar 19 22:01 _01_train.ipynb
-rw-rw-r-- 1 wolfm2 wolfm2     26250 Mar  7 11:47 _02_test.ipynb
-rw-rw-r-- 1 wolfm2 wolfm2     20981 Mar  7 11:47 _03_submission.ipynb
-rw-rw-r-- 1 wolfm2 wolfm2 248373493 Mar  6 20:06 Amazon.csv
-rw-rw-r-- 1 wolfm2 wolfm2         0 Mar 19 22:07 GridSearch.txt
-rw-rw-r-- 1 wolfm2 wolfm2       642 Mar 19 22:06 hv0.pkl
-rw-rw-r-- 1 wolfm2 wolfm2       648 Mar 19 22:06 hv1.pkl
-rw-rw-r-- 1 wolfm2 wolfm2      1956 Mar 19 22:07 job.log
-rw-rw-r-- 1 wolfm2 wolfm2      2632 Mar  7 11:47 my_measures.py
-rw-rw-r-- 1 wolfm2 wolfm2     29218 Mar 19 22:07 output.ipynb
drwxrwxr-x 2 wolfm2 wolfm2      4096 Mar 19 22:07 __pycache__
-rw-rw-r-- 1 wolfm2 wolfm2      3534 Mar  7 11:47 README.md
-rw-rw-r-- 1 wolfm2 wolfm2  18874951 Mar 19 22:07 sc.pkl
-rw-rw-r-- 1 wolfm2 wolfm2  12583580 Mar 19 22:07 transformer.pkl

./minibook/amazon/__pycache__:
total 4
-rw-rw-r-- 1 wolfm2 wolfm2 2043 Mar 19 22:07 my_measures.cpython-36.pyc

./minibook/amazon.0:
total 334024
-rw-rw-r-- 1 wolfm2 wolfm2      2978 Mar 24 17:50 _00_split.ipynb
-rw-rw-r-- 1 wolfm2 wolfm2     31638 Mar 24 17:50 _01_train.0.ipynb
-rw-rw-r-- 1 wolfm2 wolfm2     48504 Mar 31 20:44 _01_train.ipynb
-rw-rw-r-- 1 wolfm2 wolfm2     26250 Mar 24 17:50 _02_test.ipynb
-rw-rw-r-- 1 wolfm2 wolfm2     20981 Mar 24 17:50 _03_submission.ipynb
-rw-rw-r-- 1 wolfm2 wolfm2 248373493 Mar  6 20:06 Amazon.csv
-rw-rw-r-- 1 wolfm2 wolfm2   7341220 Mar 31 22:41 best.lgs.pkl
-rw-rw-r-- 1 wolfm2 wolfm2  29361037 Mar 31 23:30 best.nbs.pkl
-rw-rw-r-- 1 wolfm2 wolfm2   7341240 Mar 31 23:29 best.prc.pkl
-rw-rw-r-- 1 wolfm2 wolfm2   7341076 Apr  1 03:18 best.rdg.pkl
-rw-rw-r-- 1 wolfm2 wolfm2   7341235 Mar 31 21:37 best.svm.pkl
-rw-rw-r-- 1 wolfm2 wolfm2     11756 Apr  1 02:56 GridSearch.txt
-rw-rw-r-- 1 wolfm2 wolfm2       642 Mar 31 20:49 hv0.pkl
-rw-rw-r-- 1 wolfm2 wolfm2       648 Mar 31 20:49 hv1.pkl
-rw-rw-r-- 1 wolfm2 wolfm2       515 Mar 31 20:49 hv2.pkl
-rw-rw-r-- 1 wolfm2 wolfm2     29562 Apr  1 03:18 job.log
-rw-rw-r-- 1 wolfm2 wolfm2      2632 Mar 24 17:50 my_measures.py
-rw-rw-r-- 1 wolfm2 wolfm2     70994 Apr  1 03:18 output.ipynb
drwxrwxr-x 2 wolfm2 wolfm2      4096 Mar 31 20:50 __pycache__
-rw-rw-r-- 1 wolfm2 wolfm2      3534 Mar 24 17:50 README.md
-rw-rw-r-- 1 wolfm2 wolfm2  22020727 Mar 31 20:50 sc.pkl
-rw-rw-r-- 1 wolfm2 wolfm2  12583580 Mar 31 20:49 transformer.pkl
-rw-rw-r-- 1 wolfm2 wolfm2     21412 Mar 24 17:50 x_review_week05.ipynb

./minibook/amazon.0/__pycache__:
total 4
-rw-rw-r-- 1 wolfm2 wolfm2 2045 Mar 31 20:50 my_measures.cpython-36.pyc

./minibook/amazon.1:
total 54560
-rw-rw-r-- 1 wolfm2 wolfm2     2978 Mar 30 20:08 _00_split.ipynb
-rw-rw-r-- 1 wolfm2 wolfm2    49562 Apr  2 09:48 _01_train.ipynb
-rw-rw-r-- 1 wolfm2 wolfm2    27299 Mar 31 20:44 _02_test.ipynb
-rw-rw-r-- 1 wolfm2 wolfm2    20981 Mar 30 20:08 _03_submission.ipynb
-rw-rw-r-- 1 wolfm2 wolfm2  5243888 Apr  2 16:07 best.cholesky.pkl
-rw-rw-r-- 1 wolfm2 wolfm2  5243884 Apr  2 19:31 best.lsqr.pkl
-rw-rw-r-- 1 wolfm2 wolfm2  5243884 Apr  3 06:03 best.saga.pkl
-rw-rw-r-- 1 wolfm2 wolfm2  5243883 Apr  3 02:36 best.sag.pkl
-rw-rw-r-- 1 wolfm2 wolfm2  5243889 Apr  2 22:58 best.sparse_cg.pkl
-rw-rw-r-- 1 wolfm2 wolfm2  5243883 Apr  2 12:55 best.svd.pkl
-rw-rw-r-- 1 wolfm2 wolfm2    11732 Apr  3 05:44 GridSearch.txt
-rw-rw-r-- 1 wolfm2 wolfm2      498 Apr  2 09:48 hv0.pkl
-rw-rw-r-- 1 wolfm2 wolfm2      515 Apr  2 09:48 hv2.pkl
-rw-rw-r-- 1 wolfm2 wolfm2    32023 Apr  3 06:03 job.log
-rw-rw-r-- 1 wolfm2 wolfm2     2894 Apr  1 21:57 my_measures.py
-rw-rw-r-- 1 wolfm2 wolfm2    84306 Apr  3 06:03 output.ipynb
drwxrwxr-x 2 wolfm2 wolfm2     4096 Apr  2 09:49 __pycache__
-rw-rw-r-- 1 wolfm2 wolfm2     3534 Mar 30 20:08 README.md
-rw-rw-r-- 1 wolfm2 wolfm2 15729151 Apr  2 09:49 sc.pkl
-rw-rw-r-- 1 wolfm2 wolfm2  8389276 Apr  2 09:49 transformer.pkl

./minibook/amazon.1/__pycache__:
total 4
-rw-rw-r-- 1 wolfm2 wolfm2 2177 Apr  2 09:49 my_measures.cpython-36.pyc

./minibook/amazon.2:
total 360576
-rw-rw-r-- 1 wolfm2 wolfm2     10045 Apr  1 21:57 _00_split.ipynb
-rw-rw-r-- 1 wolfm2 wolfm2     38903 Apr 10 18:58 _01_train.ipynb
-rw-rw-r-- 1 wolfm2 wolfm2     27299 Apr  1 10:41 _02_test.ipynb
-rw-rw-r-- 1 wolfm2 wolfm2     20981 Apr  1 10:41 _03_submission.ipynb
-rw-rw-r-- 1 wolfm2 wolfm2 248373493 Mar  6 20:06 Amazon.csv
-rw-rw-r-- 1 wolfm2 wolfm2   9438388 Apr 10 19:56 best.lgs.pkl
-rw-rw-r-- 1 wolfm2 wolfm2  37749709 Apr 10 20:22 best.nbs.pkl
-rw-rw-r-- 1 wolfm2 wolfm2   9438408 Apr 10 20:22 best.prc.pkl
-rw-rw-r-- 1 wolfm2 wolfm2   9438244 Apr 10 23:31 best.rdg.pkl
-rw-rw-r-- 1 wolfm2 wolfm2   9438403 Apr 10 19:25 best.svm.pkl
-rw-rw-r-- 1 wolfm2 wolfm2     11771 Apr 10 23:15 GridSearch.txt
-rw-rw-r-- 1 wolfm2 wolfm2       586 Apr 10 19:03 hv0.pkl
-rw-rw-r-- 1 wolfm2 wolfm2       586 Apr 10 19:03 hv1.pkl
-rw-rw-r-- 1 wolfm2 wolfm2       498 Apr 10 19:03 hv2.pkl
-rw-rw-r-- 1 wolfm2 wolfm2      6157 Apr 10 23:32 job.log
-rw-rw-r-- 1 wolfm2 wolfm2      2894 Apr  1 21:57 my_measures.py
-rw-rw-r-- 1 wolfm2 wolfm2     81717 Apr 10 23:32 output.ipynb
drwxrwxr-x 2 wolfm2 wolfm2      4096 Apr 10 19:04 __pycache__
-rw-rw-r-- 1 wolfm2 wolfm2      3534 Apr  1 10:41 README.md
-rw-rw-r-- 1 wolfm2 wolfm2  28312231 Apr 10 19:04 sc.pkl
-rw-rw-r-- 1 wolfm2 wolfm2  16777884 Apr 10 19:03 transformer.pkl

./minibook/amazon.2/__pycache__:
total 4
-rw-rw-r-- 1 wolfm2 wolfm2 2177 Apr 10 19:04 my_measures.cpython-36.pyc

./minibook/amazonFirstIter:
total 61448
-rw-rw-r-- 1 wolfm2 wolfm2    20808 Mar  7 11:47 _03_submission.ipynb
-rw-rw-r-- 1 wolfm2 wolfm2      557 Mar  7 11:47 hv.pkl
-rw-rw-r-- 1 wolfm2 wolfm2  2098273 Mar  7 11:47 lgs.pkl
-rw-rw-r-- 1 wolfm2 wolfm2     2632 Mar  7 11:47 my_measures.py
-rw-rw-r-- 1 wolfm2 wolfm2 50282018 Mar  7 11:47 raw_data_test.csv
-rw-rw-r-- 1 wolfm2 wolfm2  6292015 Mar  7 11:47 sc.pkl
-rw-rw-r-- 1 wolfm2 wolfm2  4194972 Mar  7 11:47 transformer.pkl
-rw-rw-r-- 1 wolfm2 wolfm2     8988 Mar  7 11:47 ver.py

./minibook/amazonIter:
total 49204
-rw-rw-r-- 1 wolfm2 wolfm2    22513 Mar 12 08:18 _03_submission.ipynb
-rw-rw-r-- 1 wolfm2 wolfm2    24197 Mar 14 22:16 job.log
-rw-rw-r-- 1 wolfm2 wolfm2     2632 Mar 10 19:49 my_measures.py
-rw-rw-r-- 1 wolfm2 wolfm2    28710 Mar 14 22:16 output.ipynb
drwxrwxr-x 2 wolfm2 wolfm2     4096 Mar 14 22:15 __pycache__
-rw-rw-r-- 1 wolfm2 wolfm2 50282018 Mar 10 19:49 raw_data_test.csv
-rw-rw-r-- 1 wolfm2 wolfm2     8988 Mar 10 19:49 ver.py

./minibook/amazonIter/__pycache__:
total 4
-rw-rw-r-- 1 wolfm2 wolfm2 2047 Mar 14 22:15 my_measures.cpython-36.pyc

./minibook/system:
total 12
-rw-rw-r-- 1 wolfm2 wolfm2  438 Apr 10 18:37 job.log
-rw-rw-r-- 1 wolfm2 wolfm2 1217 Apr 10 18:37 output.ipynb
-rw-rw-r-- 1 wolfm2 wolfm2 1081 Apr 10 18:37 runner.ipynb
USER       PID %CPU %MEM    VSZ   RSS TTY      STAT START   TIME COMMAND
root         1  0.0  0.0 185372  4304 ?        Ss   Apr05   0:03 /sbin/init splash
root         2  0.0  0.0      0     0 ?        S    Apr05   0:00 [kthreadd]
root         4  0.0  0.0      0     0 ?        S<   Apr05   0:00 [kworker/0:0H]
root         6  0.0  0.0      0     0 ?        S<   Apr05   0:00 [mm_percpu_wq]
root         7  0.0  0.0      0     0 ?        S    Apr05   0:00 [ksoftirqd/0]
root         8  0.0  0.0      0     0 ?        S    Apr05   0:24 [rcu_sched]
root         9  0.0  0.0      0     0 ?        S    Apr05   0:00 [rcu_bh]
root        10  0.0  0.0      0     0 ?        S    Apr05   0:00 [migration/0]
root        11  0.0  0.0      0     0 ?        S    Apr05   0:00 [watchdog/0]
root        12  0.0  0.0      0     0 ?        S    Apr05   0:00 [cpuhp/0]
root        13  0.0  0.0      0     0 ?        S    Apr05   0:00 [cpuhp/1]
root        14  0.0  0.0      0     0 ?        S    Apr05   0:00 [watchdog/1]
root        15  0.0  0.0      0     0 ?        S    Apr05   0:00 [migration/1]
root        16  0.0  0.0      0     0 ?        S    Apr05   0:00 [ksoftirqd/1]
root        18  0.0  0.0      0     0 ?        S<   Apr05   0:00 [kworker/1:0H]
root        19  0.0  0.0      0     0 ?        S    Apr05   0:00 [cpuhp/2]
root        20  0.0  0.0      0     0 ?        S    Apr05   0:00 [watchdog/2]
root        21  0.0  0.0      0     0 ?        S    Apr05   0:00 [migration/2]
root        22  0.0  0.0      0     0 ?        S    Apr05   0:00 [ksoftirqd/2]
root        24  0.0  0.0      0     0 ?        S<   Apr05   0:00 [kworker/2:0H]
root        25  0.0  0.0      0     0 ?        S    Apr05   0:00 [cpuhp/3]
root        26  0.0  0.0      0     0 ?        S    Apr05   0:00 [watchdog/3]
root        27  0.0  0.0      0     0 ?        S    Apr05   0:00 [migration/3]
root        28  0.0  0.0      0     0 ?        S    Apr05   0:00 [ksoftirqd/3]
root        30  0.0  0.0      0     0 ?        S<   Apr05   0:00 [kworker/3:0H]
root        31  0.0  0.0      0     0 ?        S    Apr05   0:00 [cpuhp/4]
root        32  0.0  0.0      0     0 ?        S    Apr05   0:00 [watchdog/4]
root        33  0.0  0.0      0     0 ?        S    Apr05   0:00 [migration/4]
root        34  0.0  0.0      0     0 ?        S    Apr05   0:00 [ksoftirqd/4]
root        36  0.0  0.0      0     0 ?        S<   Apr05   0:00 [kworker/4:0H]
root        37  0.0  0.0      0     0 ?        S    Apr05   0:00 [cpuhp/5]
root        38  0.0  0.0      0     0 ?        S    Apr05   0:00 [watchdog/5]
root        39  0.0  0.0      0     0 ?        S    Apr05   0:00 [migration/5]
root        40  0.0  0.0      0     0 ?        S    Apr05   0:00 [ksoftirqd/5]
root        42  0.0  0.0      0     0 ?        S<   Apr05   0:00 [kworker/5:0H]
root        43  0.0  0.0      0     0 ?        S    Apr05   0:00 [cpuhp/6]
root        44  0.0  0.0      0     0 ?        S    Apr05   0:00 [watchdog/6]
root        45  0.0  0.0      0     0 ?        S    Apr05   0:00 [migration/6]
root        46  0.0  0.0      0     0 ?        S    Apr05   0:00 [ksoftirqd/6]
root        48  0.0  0.0      0     0 ?        S<   Apr05   0:00 [kworker/6:0H]
root        49  0.0  0.0      0     0 ?        S    Apr05   0:00 [cpuhp/7]
root        50  0.0  0.0      0     0 ?        S    Apr05   0:00 [watchdog/7]
root        51  0.0  0.0      0     0 ?        S    Apr05   0:00 [migration/7]
root        52  0.0  0.0      0     0 ?        S    Apr05   0:00 [ksoftirqd/7]
root        54  0.0  0.0      0     0 ?        S<   Apr05   0:00 [kworker/7:0H]
root        55  0.0  0.0      0     0 ?        S    Apr05   0:00 [cpuhp/8]
root        56  0.0  0.0      0     0 ?        S    Apr05   0:00 [watchdog/8]
root        57  0.0  0.0      0     0 ?        S    Apr05   0:00 [migration/8]
root        58  0.0  0.0      0     0 ?        S    Apr05   0:00 [ksoftirqd/8]
root        60  0.0  0.0      0     0 ?        S<   Apr05   0:00 [kworker/8:0H]
root        61  0.0  0.0      0     0 ?        S    Apr05   0:00 [cpuhp/9]
root        62  0.0  0.0      0     0 ?        S    Apr05   0:00 [watchdog/9]
root        63  0.0  0.0      0     0 ?        S    Apr05   0:00 [migration/9]
root        64  0.0  0.0      0     0 ?        S    Apr05   0:00 [ksoftirqd/9]
root        66  0.0  0.0      0     0 ?        S<   Apr05   0:00 [kworker/9:0H]
root        67  0.0  0.0      0     0 ?        S    Apr05   0:00 [cpuhp/10]
root        68  0.0  0.0      0     0 ?        S    Apr05   0:00 [watchdog/10]
root        69  0.0  0.0      0     0 ?        S    Apr05   0:00 [migration/10]
root        70  0.0  0.0      0     0 ?        S    Apr05   0:00 [ksoftirqd/10]
root        72  0.0  0.0      0     0 ?        S<   Apr05   0:00 [kworker/10:0H]
root        73  0.0  0.0      0     0 ?        S    Apr05   0:00 [cpuhp/11]
root        74  0.0  0.0      0     0 ?        S    Apr05   0:00 [watchdog/11]
root        75  0.0  0.0      0     0 ?        S    Apr05   0:00 [migration/11]
root        76  0.0  0.0      0     0 ?        S    Apr05   0:00 [ksoftirqd/11]
root        78  0.0  0.0      0     0 ?        S<   Apr05   0:00 [kworker/11:0H]
root        79  0.0  0.0      0     0 ?        S    Apr05   0:00 [kdevtmpfs]
root        80  0.0  0.0      0     0 ?        S<   Apr05   0:00 [netns]
root        83  0.0  0.0      0     0 ?        S    Apr05   0:00 [khungtaskd]
root        84  0.0  0.0      0     0 ?        S    Apr05   0:00 [oom_reaper]
root        85  0.0  0.0      0     0 ?        S<   Apr05   0:00 [writeback]
root        86  0.0  0.0      0     0 ?        S    Apr05   0:00 [kcompactd0]
root        87  0.0  0.0      0     0 ?        SN   Apr05   0:00 [ksmd]
root        88  0.0  0.0      0     0 ?        SN   Apr05   0:00 [khugepaged]
root        89  0.0  0.0      0     0 ?        S<   Apr05   0:00 [crypto]
root        90  0.0  0.0      0     0 ?        S<   Apr05   0:00 [kintegrityd]
root        91  0.0  0.0      0     0 ?        S<   Apr05   0:00 [kblockd]
root       102  0.0  0.0      0     0 ?        S<   Apr05   0:00 [ata_sff]
root       103  0.0  0.0      0     0 ?        S<   Apr05   0:00 [md]
root       104  0.0  0.0      0     0 ?        S<   Apr05   0:00 [edac-poller]
root       105  0.0  0.0      0     0 ?        S<   Apr05   0:00 [devfreq_wq]
root       106  0.0  0.0      0     0 ?        S<   Apr05   0:00 [watchdogd]
root       109  0.0  0.0      0     0 ?        S    Apr05   0:00 [kauditd]
root       110  0.0  0.0      0     0 ?        S    Apr05   0:06 [kswapd0]
root       111  0.0  0.0      0     0 ?        S    Apr05   0:00 [ecryptfs-kthrea]
root       153  0.0  0.0      0     0 ?        S<   Apr05   0:00 [kthrotld]
root       154  0.0  0.0      0     0 ?        S<   Apr05   0:00 [acpi_thermal_pm]
root       159  0.0  0.0      0     0 ?        S<   Apr05   0:00 [ipv6_addrconf]
root       184  0.0  0.0      0     0 ?        S<   Apr05   0:00 [charger_manager]
root       235  0.0  0.0      0     0 ?        S<   Apr05   0:00 [nvme-wq]
root       237  0.0  0.0      0     0 ?        S    Apr05   0:00 [nvidia-modeset]
root       238  0.0  0.0      0     0 ?        S    Apr05   0:00 [scsi_eh_0]
root       239  0.0  0.0      0     0 ?        S<   Apr05   0:00 [scsi_tmf_0]
root       240  0.0  0.0      0     0 ?        S    Apr05   0:00 [scsi_eh_1]
root       241  0.0  0.0      0     0 ?        S<   Apr05   0:00 [scsi_tmf_1]
root       242  0.0  0.0      0     0 ?        S    Apr05   0:00 [scsi_eh_2]
root       243  0.0  0.0      0     0 ?        S<   Apr05   0:00 [scsi_tmf_2]
root       244  0.0  0.0      0     0 ?        S    Apr05   0:00 [scsi_eh_3]
root       245  0.0  0.0      0     0 ?        S<   Apr05   0:00 [scsi_tmf_3]
root       246  0.0  0.0      0     0 ?        S    Apr05   0:00 [scsi_eh_4]
root       247  0.0  0.0      0     0 ?        S<   Apr05   0:00 [scsi_tmf_4]
root       248  0.0  0.0      0     0 ?        S    Apr05   0:00 [scsi_eh_5]
root       249  0.0  0.0      0     0 ?        S<   Apr05   0:00 [scsi_tmf_5]
root       260  0.0  0.0      0     0 ?        S<   Apr05   0:00 [kworker/0:1H]
root       281  0.0  0.0      0     0 ?        S<   Apr05   0:00 [kworker/2:1H]
root       283  0.0  0.0      0     0 ?        S    Apr05   0:03 [jbd2/nvme0n1p1-]
root       284  0.0  0.0      0     0 ?        S<   Apr05   0:00 [ext4-rsv-conver]
root       319  0.0  0.0  35392  8108 ?        Ss   Apr05   0:18 /lib/systemd/systemd-journald
root       320  0.0  0.0      0     0 ?        S<   Apr05   0:00 [kworker/10:1H]
root       336  0.0  0.0      0     0 ?        S<   Apr05   0:00 [cfg80211]
root       338  0.0  0.0  45292   144 ?        Ss   Apr05   0:00 /lib/systemd/systemd-udevd
systemd+   491  0.0  0.0 102384     4 ?        Ssl  Apr05   0:00 /lib/systemd/systemd-timesyncd
root       562  0.0  0.0      0     0 ?        S    Apr05   0:00 [irq/151-mei_me]
root       568  0.0  0.0      0     0 ?        S    Apr05   0:00 [UVM global queu]
root       569  0.0  0.0      0     0 ?        S<   Apr05   0:00 [kworker/u25:0]
root       570  0.0  0.0      0     0 ?        S<   Apr05   0:00 [kworker/u25:1]
root       575  0.0  0.0      0     0 ?        S    Apr05   0:00 [UVM Tools Event]
root       662  0.1  0.0      0     0 ?        S    Apr05  13:44 [irq/152-nvidia]
root       663  0.0  0.0      0     0 ?        S    Apr05   0:00 [nvidia]
root       765  0.0  0.0      0     0 ?        S<   Apr05   0:00 [led_workqueue]
avahi      871  0.0  0.0  45028   256 ?        Ss   Apr05   0:03 avahi-daemon: running [d12ml.local]
root       872  0.0  0.0  29008   680 ?        Ss   Apr05   0:04 /usr/sbin/cron -f
root       873  0.0  0.0  31956     0 ?        Ss   Apr05   0:00 /usr/lib/bluetooth/bluetoothd
root       875  0.0  0.0 413532   344 ?        Ssl  Apr05   0:00 /usr/sbin/ModemManager
root       883  0.0  0.0   4396     0 ?        Ss   Apr05   0:00 /usr/sbin/acpid
avahi      885  0.0  0.0  44784    24 ?        S    Apr05   0:00 avahi-daemon: chroot helper
syslog     887  0.0  0.0 256396   184 ?        Ssl  Apr05   0:07 /usr/sbin/rsyslogd -n
root       892  0.0  0.0  28628  1992 ?        Ss   Apr05   0:00 /lib/systemd/systemd-logind
root       894  0.0  0.0 286948  2992 ?        Ssl  Apr05   0:09 /usr/lib/accountsservice/accounts-daemon
root       897  0.0  0.0 166432   344 ?        Ssl  Apr05   0:46 /usr/sbin/thermald --no-daemon --dbus-enable
message+   898  0.0  0.0  43708  1232 ?        Ss   Apr05   0:01 /usr/bin/dbus-daemon --system --address=systemd: --nofork --nopidfile --systemd-activation
root       917  0.0  0.0 451300  2392 ?        Ssl  Apr05   0:01 /usr/sbin/NetworkManager --no-daemon
root       921  0.0  0.0 636576  4368 ?        Ssl  Apr05   0:38 /usr/lib/snapd/snapd
nvidia-+   932  0.0  0.0  17140    48 ?        Ss   Apr05   0:00 /usr/bin/nvidia-persistenced --user nvidia-persistenced --no-persistence-mode --verbose
root       951  0.0  0.0      0     0 ?        S<   Apr05   0:00 [kworker/11:1H]
root       968  0.0  0.0      0     0 ?        S<   Apr05   0:00 [kworker/3:1H]
root       983  0.0  0.0 289884  4664 ?        Ssl  Apr05   0:02 /usr/lib/policykit-1/polkitd --no-debug
root       990  0.0  0.0  19584   156 ?        Ss   Apr05   1:01 /usr/sbin/irqbalance --pid=/var/run/irqbalance.pid
root      1002  0.0  0.0 287712   376 ?        Ssl  Apr05   0:00 /usr/sbin/lightdm
root      1006  0.0  0.0  65508  1064 ?        Ss   Apr05   0:00 /usr/sbin/sshd -D
root      1020  0.0  0.0 226580 13076 tty7     Ssl+ Apr05   0:03 /usr/lib/xorg/Xorg -core :0 -seat seat0 -auth /var/run/lightdm/root/:0 -nolisten tcp vt7 -novtswitch
root      1061  0.0  0.0 226180   240 ?        Sl   Apr05   0:00 lightdm --session-child 16 19
lightdm   1064  0.0  0.0  45276  1592 ?        Ss   Apr05   0:00 /lib/systemd/systemd --user
lightdm   1065  0.0  0.0  63660   344 ?        S    Apr05   0:00 (sd-pam)
root      1072  0.0  0.0      0     0 ?        S<   Apr05   0:00 [kworker/6:1H]
lightdm   1073  0.0  0.0   4504     0 ?        Ss   Apr05   0:00 /bin/sh /usr/lib/lightdm/lightdm-greeter-session /usr/sbin/unity-greeter
lightdm   1078  0.0  0.0  43032   344 ?        Ss   Apr05   0:01 /usr/bin/dbus-daemon --fork --print-pid 5 --print-address 7 --session
lightdm   1079  0.0  0.0 845504 14048 ?        Sl   Apr05   0:15 /usr/sbin/unity-greeter
lightdm   1081  0.0  0.0 346956     0 ?        Sl   Apr05   0:00 /usr/lib/at-spi2-core/at-spi-bus-launcher --launch-immediately
lightdm   1086  0.0  0.0  42764     0 ?        S    Apr05   0:00 /usr/bin/dbus-daemon --config-file=/etc/at-spi2/accessibility.conf --nofork --print-address 3
lightdm   1088  0.0  0.0 206864   108 ?        Sl   Apr05   0:00 /usr/lib/at-spi2-core/at-spi2-registryd --use-gnome-session
lightdm   1094  0.0  0.0 274416     4 ?        Sl   Apr05   0:00 /usr/lib/gvfs/gvfsd
lightdm   1099  0.0  0.0 352264     0 ?        Sl   Apr05   0:00 /usr/lib/gvfs/gvfsd-fuse /run/user/108/gvfs -f -o big_writes
lightdm   1109  0.0  0.0 178560   488 ?        Sl   Apr05   0:00 /usr/lib/dconf/dconf-service
root      1112  0.0  0.0      0     0 ?        S<   Apr05   0:00 [kworker/1:1H]
root      1113  0.0  0.0      0     0 ?        S<   Apr05   0:00 [kworker/8:1H]
root      1114  0.0  0.0      0     0 ?        S<   Apr05   0:00 [kworker/7:1H]
root      1115  0.0  0.0      0     0 ?        S<   Apr05   0:00 [kworker/9:1H]
root      1116  0.0  0.0      0     0 ?        S<   Apr05   0:00 [kworker/4:1H]
root      1117  0.0  0.0      0     0 ?        S<   Apr05   0:00 [kworker/5:1H]
root      1118  0.0  0.0  82708     4 ?        S    Apr05   0:00 lightdm --session-child 12 19
lightdm   1121  0.0  0.0  45956   284 ?        S    Apr05   0:00 upstart --user --startup-event indicator-services-start
lightdm   1123  0.0  0.0 585692  3076 ?        Sl   Apr05   0:00 nm-applet
lightdm   1125  0.0  0.0 363368   400 ?        Ssl  Apr05   0:00 /usr/lib/x86_64-linux-gnu/indicator-messages/indicator-messages-service
lightdm   1126  0.0  0.0 342336     0 ?        Ssl  Apr05   0:00 /usr/lib/x86_64-linux-gnu/indicator-bluetooth/indicator-bluetooth-service
lightdm   1127  0.0  0.0 573988     0 ?        Ssl  Apr05   0:00 /usr/lib/x86_64-linux-gnu/indicator-power/indicator-power-service
lightdm   1128  0.0  0.0 457892  3420 ?        Ssl  Apr05   0:06 /usr/lib/x86_64-linux-gnu/indicator-datetime/indicator-datetime-service
lightdm   1129  0.0  0.0 563916  9904 ?        Ssl  Apr05   0:01 /usr/lib/x86_64-linux-gnu/indicator-keyboard/indicator-keyboard-service --use-gtk
lightdm   1130  0.0  0.0 669148   808 ?        Ssl  Apr05   0:00 /usr/lib/x86_64-linux-gnu/indicator-sound/indicator-sound-service
lightdm   1131  0.0  0.0 568608  2884 ?        Ssl  Apr05   0:00 /usr/lib/x86_64-linux-gnu/indicator-session/indicator-session-service
lightdm   1133  0.0  0.0 476880     4 ?        Ssl  Apr05   0:00 /usr/lib/x86_64-linux-gnu/indicator-application/indicator-application-service
lightdm   1140  0.0  0.0 618876  4560 ?        Sl   Apr05   0:02 /usr/lib/unity-settings-daemon/unity-settings-daemon
lightdm   1177  0.0  0.0 490124   428 ?        S<l  Apr05   0:00 /usr/bin/pulseaudio --start --log-target=syslog
rtkit     1178  0.0  0.0 183544     0 ?        SNsl Apr05   0:04 /usr/lib/rtkit/rtkit-daemon
root      1193  0.0  0.0 347228   248 ?        Ssl  Apr05   0:00 /usr/lib/upower/upowerd
colord    1218  0.0  0.0 309172     4 ?        Ssl  Apr05   0:00 /usr/lib/colord/colord
root      1254  0.0  0.0  16124   196 ?        S    Apr05   0:00 /sbin/dhclient -d -q -sf /usr/lib/NetworkManager/nm-dhcp-helper -pf /var/run/dhclient-enp0s31f6.pid -lf /var/lib/NetworkManager/dhclient-45d90ee1-f2f7-475d-94b8-7fa88540ba33-enp0s31f6.lease -cf /var/lib/NetworkManager/dhclient-enp0s31f6.conf enp0s31f6
nobody    1264  0.0  0.0  52864  1180 ?        S    Apr05   0:01 /usr/sbin/dnsmasq --no-resolv --keep-in-foreground --no-hosts --bind-interfaces --pid-file=/var/run/NetworkManager/dnsmasq.pid --listen-address=127.0.1.1 --cache-size=0 --conf-file=/dev/null --proxy-dnssec --enable-dbus=org.freedesktop.NetworkManager.dnsmasq --conf-dir=/etc/NetworkManager/dnsmasq.d
lightdm   1313  0.0  0.0 481984  2900 ?        Sl   Apr05   0:00 /usr/lib/x86_64-linux-gnu/notify-osd
whoopsie  1426  0.0  0.0 374012   252 ?        Ssl  Apr05   0:00 /usr/bin/whoopsie -f
root      1430  0.0  0.0  15936     0 tty1     Ss+  Apr05   0:00 /sbin/agetty --noclear tty1 linux
root      1680  0.0  0.0      0     0 ?        S    Apr09   0:00 [kworker/10:0]
root      1682  0.0  0.0      0     0 ?        S    Apr09   0:02 [kworker/0:2]
root      1687  0.0  0.0      0     0 ?        S    Apr09   0:00 [kworker/2:2]
root      1688  0.0  0.0      0     0 ?        S    Apr09   0:00 [kworker/4:1]
root      2565  0.0  0.0      0     0 ?        S    Apr09   0:05 [kworker/9:1]
root      3816  0.0  0.0      0     0 ?        S    22:49   0:00 [kworker/u24:0]
root      4110  0.0  0.0      0     0 ?        S    22:50   0:00 [kworker/2:1]
root      5512  0.0  0.0  52312    68 ?        S    18:58   0:00 /usr/sbin/CRON -f
wolfm2    5513  0.0  0.0   4504     0 ?        Ss   18:58   0:00 /bin/sh -c /home/wolfm2/job.sh
wolfm2    5515  0.0  0.0  12544  1500 ?        S    18:58   0:00 /bin/bash /home/wolfm2/job.sh
root      5739  0.0  0.0      0     0 ?        S    18:59   0:00 [kworker/0:1]
root      5849  0.0  0.0      0     0 ?        S    23:03   0:00 [kworker/u24:1]
root      9151  0.0  0.0      0     0 ?        S    Apr09   0:00 [kworker/7:1]
root      9292  0.0  0.0      0     0 ?        S    11:21   0:00 [kworker/8:2]
root      9542  0.0  0.0      0     0 ?        S    23:31   0:00 [kworker/u24:2]
root      9543  0.0  0.0  52312  2848 ?        S    23:32   0:00 /usr/sbin/CRON -f
root      9544  0.0  0.0  52312  2856 ?        S    23:32   0:00 /usr/sbin/CRON -f
pschmitt  9545  0.0  0.0   4504   760 ?        Ss   23:32   0:00 /bin/sh -c /home/pschmitt/job.sh
wolfm2    9546  0.0  0.0   4504   744 ?        Ss   23:32   0:00 /bin/sh -c /home/wolfm2/job.sh
wolfm2    9547  0.0  0.0  12536  2968 ?        S    23:32   0:00 /bin/bash /home/wolfm2/job.sh
pschmitt  9548  0.0  0.0  12544  2964 ?        S    23:32   0:00 /bin/bash /home/pschmitt/job.sh
wolfm2    9549  0.0  0.0  12536  2308 ?        S    23:32   0:00 /bin/bash /home/wolfm2/job.sh
pschmitt  9550  0.0  0.0  12544  2124 ?        S    23:32   0:00 /bin/bash /home/pschmitt/job.sh
wolfm2    9551  0.0  0.0  20316  3432 ?        S    23:32   0:00 /usr/bin/git fetch
pschmitt  9552  0.0  0.0  20312  3224 ?        S    23:32   0:00 /usr/bin/git fetch
wolfm2    9553  0.0  0.0 192284 27376 ?        S    23:32   0:00 git-remote-https origin https://github.com/wolfm2/jobin.git
pschmitt  9554  0.0  0.0  49044  5132 ?        S    23:32   0:00 ssh git@github.com git-upload-pack 'philippschmitt/jobin.git'
wolfm2    9557  0.0  0.0  37364  3240 ?        R    23:32   0:00 ps aux
root     10641  0.0  0.0      0     0 ?        S    Apr09   0:00 [kworker/3:0]
root     11240  0.0  0.0      0     0 ?        S    07:35   0:00 [kworker/5:1]
root     11244  0.0  0.0  93276     4 ?        Ss   07:35   0:00 /usr/sbin/cupsd -l
root     11245  0.0  0.0 274816   244 ?        Ssl  07:35   0:00 /usr/sbin/cups-browsed
root     11268  0.0  0.0      0     0 ?        S    07:35   0:00 [kworker/3:2]
root     11319  0.0  0.0      0     0 ?        S    07:35   0:00 [kworker/11:1]
root     14988  0.0  0.0      0     0 ?        S    Apr09   0:00 [kworker/4:0]
root     15272  0.0  0.0      0     0 ?        S    Apr09   0:00 [kworker/6:0]
root     23941  0.0  0.0      0     0 ?        S    21:16   0:00 [kworker/5:2]
root     23943  0.0  0.0      0     0 ?        S    21:16   0:00 [kworker/1:3]
root     23962  0.0  0.0      0     0 ?        S    21:16   0:00 [kworker/11:0]
root     23963  0.0  0.0      0     0 ?        S    21:16   0:00 [kworker/9:0]
root     23964  0.0  0.0      0     0 ?        S    21:16   0:00 [kworker/6:3]
root     24297  0.0  0.0      0     0 ?        S    21:18   0:00 [kworker/8:0]
root     24300  0.0  0.0      0     0 ?        S    21:18   0:00 [kworker/7:0]
root     30807  0.0  0.0      0     0 ?        S    Apr09   0:00 [kworker/10:2]
root     32564  0.0  0.0      0     0 ?        S    06:13   0:00 [kworker/1:2]
Tue Apr 10 23:32:01 EDT 2018
The following paths are ignored by one of your .gitignore files:
minibook/amazon.1/__pycache__/my_measures.cpython-36.pyc
Use -f if you really want to add them.
The following paths are ignored by one of your .gitignore files:
minibook/amazon.0/__pycache__/my_measures.cpython-36.pyc
Use -f if you really want to add them.
The following paths are ignored by one of your .gitignore files:
minibook/amazonIter/__pycache__/my_measures.cpython-36.pyc
Use -f if you really want to add them.
The following paths are ignored by one of your .gitignore files:
minibook/amazon.2/__pycache__/my_measures.cpython-36.pyc
Use -f if you really want to add them.
The following paths are ignored by one of your .gitignore files:
minibook/amazon/__pycache__/my_measures.cpython-36.pyc
Use -f if you really want to add them.
Pushing...
To ssh://git@github.com/wolfm2/jobout.git
   2a7a33b..7db4eac  master -> master
